<?xml version="1.0" encoding="UTF-8"?>
<testng-results skipped="0" failed="0" ignored="2" total="4" passed="2">
  <reporter-output>
  </reporter-output>
  <suite name="Practice Suite" duration-ms="21316" started-at="2022-04-20T07:23:35 IST" finished-at="2022-04-20T07:23:56 IST">
    <groups>
      <group name="Smoketest">
        <method signature="A.TC_02()[pri:0, instance:ajiobrowser.A@6166e06f]" name="TC_02" class="ajiobrowser.A"/>
        <method signature="A.TC_03()[pri:0, instance:ajiobrowser.A@6166e06f]" name="TC_03" class="ajiobrowser.A"/>
      </group> <!-- Smoketest -->
    </groups>
    <test name="Test Basics 1" duration-ms="21316" started-at="2022-04-20T07:23:35 IST" finished-at="2022-04-20T07:23:56 IST">
      <class name="ajiobrowser.A">
        <test-method status="PASS" signature="TC_02()[pri:0, instance:ajiobrowser.A@6166e06f]" name="TC_02" duration-ms="10921" started-at="2022-04-20T07:23:35 IST" finished-at="2022-04-20T07:23:46 IST">
          <reporter-output>
          </reporter-output>
        </test-method> <!-- TC_02 -->
        <test-method status="PASS" signature="TC_03()[pri:0, instance:ajiobrowser.A@6166e06f]" name="TC_03" duration-ms="10344" started-at="2022-04-20T07:23:46 IST" finished-at="2022-04-20T07:23:56 IST">
          <reporter-output>
          </reporter-output>
        </test-method> <!-- TC_03 -->
      </class> <!-- ajiobrowser.A -->
    </test> <!-- Test Basics 1 -->
  </suite> <!-- Practice Suite -->
</testng-results>
