<?xml version="1.0" encoding="UTF-8"?>
<!-- Generated by org.testng.reporters.JUnitXMLReporter -->
<testsuite hostname="RubhiGupta" ignored="2" name="Test Basics 1" tests="2" failures="0" timestamp="2022-04-20T07:23:56 IST" time="21.316" errors="0">
  <testcase name="TC_02" time="10.921" classname="ajiobrowser.A"/>
  <testcase name="TC_03" time="10.344" classname="ajiobrowser.A"/>
  <testcase name="TC_04" time="0.0" classname="ajiobrowser.A">
    <ignored/>
  </testcase> <!-- TC_04 -->
  <testcase name="TC_01" time="0.0" classname="ajiobrowser.A">
    <ignored/>
  </testcase> <!-- TC_01 -->
</testsuite> <!-- Test Basics 1 -->
